0:100  0:100  MemLog inited, TSC freq: 2592358900
0:100  0:000  CPU was calibrated with RTC
0:100  0:000  
0:100  0:000  Now is 2.8.2019,  9:35:23 (GMT)
0:100  0:000  Starting Clover revision: 5033 on American Megatrends EFI
0:100  0:000  Build with: [Args: -D NO_GRUB_DRIVERS_EMBEDDED | -D NO_GRUB_DRIVERS_EMBEDDED -D USE_LOW_EBDA -D HAVE_LEGACY_EMURUNTIMEDXE -a X64 -b RELEASE -t XCODE8 -n 5 | OS: 10.13.6 | XCODE: 10.1]
0:100  0:000  SelfDevicePath=PciRoot(0x0)\Pci(0x1D,0x0)\Pci(0x0,0x0)\NVMe(0x1,AA-3D-45-00-03-0D-08-00)\HD(1,GPT,B847393B-B541-479F-A3CF-54E0B6AA6EA1,0x800,0x12B800) @71652498
0:100  0:000  SelfDirPath = \EFI\CLOVER
0:100  0:000  === [ Get Smbios ] ========================================
0:100  0:000  Type 16 Index = 0
0:100  0:000  Total Memory Slots Count = 2
0:100  0:000  Type 17 Index = 0
0:100  0:000  SmbiosTable.Type17->Speed = 2667MHz
0:100  0:000  SmbiosTable.Type17->Size = 16384MB
0:100  0:000  SmbiosTable.Type17->Bank/Device =  DIMM A
0:100  0:000  SmbiosTable.Type17->Vendor = 80CE000080CE
0:100  0:000  SmbiosTable.Type17->SerialNumber = 41176065
0:100  0:000  SmbiosTable.Type17->PartNumber = M471A2K43CB1-CTD    
0:100  0:000  Type 17 Index = 1
0:100  0:000  Ignoring insane frequency value 0MHz
0:100  0:000  SmbiosTable.Type17->Speed = 0MHz
0:100  0:000  SmbiosTable.Type17->Size = 0MB
0:100  0:000  SmbiosTable.Type17->Bank/Device =  DIMM B
0:100  0:000  SmbiosTable.Type17->Vendor = <null string>
0:100  0:000  SmbiosTable.Type17->SerialNumber = <null string>
0:100  0:000  SmbiosTable.Type17->PartNumber = <null string>
0:100  0:000  Boot status=0
0:100  0:000  Running on: 'Latitude 5591' with board '0DVVG1'
0:100  0:000  === [ GetCPUProperties ] ==================================
0:100  0:000  CPU Vendor = 756E6547 Model=906EA
0:100  0:000   The CPU supported SSE4.1
0:100  0:000  BrandString = Intel(R) Core(TM) i7-8850H CPU @ 2.60GHz
0:100  0:000   The CPU supported turbo
0:100  0:000  MSR 0x35               6000C
0:100  0:000   TSC/CCC Information Leaf:
0:100  0:000    numerator     : 216
0:100  0:000    denominator   : 2
0:100  0:000   Calibrated ARTFrequency: 24003323
0:100  0:000  MSR 0xE2 before patch 1E008008
0:100  0:000  MSR 0xE2 is locked, PM patches will be turned on
0:100  0:000  MSR 0xCE              0808083B_F1011A00
0:100  0:000  corrected FLEX_RATIO = 80000
0:100  0:000  MSR 0x1B0             00000000
0:100  0:000  FSBFrequency = 154 MHz, DMI FSBFrequency = 100 MHz, Corrected FSBFrequency = 100 MHz
0:100  0:000  MaxDiv/MinDiv: 26.0/8
0:100  0:000  Turbo: 41/42/42/43
0:100  0:000  Features: 0xBFEBFBFF
0:100  0:000  Threads: 12
0:100  0:000  Cores: 6
0:100  0:000  FSB: 100 MHz
0:100  0:000  CPU: 4000 MHz
0:100  0:000  TSC: 4000 MHz
0:100  0:000  PIS: 100 MHz
0:100  0:000  ExternalClock: 25 MHz
0:100  0:000  === [ GetDevices ] ========================================
0:100  0:000  PCI (00|00:00.00) : 8086 3EC4 class=060000
0:100  0:000  PCI (00|00:01.00) : 8086 1901 class=060400
0:100  0:000  PCI (00|01:00.00) : 10DE 174D class=030200
0:100  0:000  PCI (00|00:02.00) : 8086 3E9B class=030000
0:100  0:000   - GFX: Model=Intel UHD Graphics 630 (Intel)
0:100  0:000  PCI (00|00:04.00) : 8086 1903 class=118000
0:100  0:000  PCI (00|00:08.00) : 8086 1911 class=088000
0:100  0:000  PCI (00|00:12.00) : 8086 A379 class=118000
0:100  0:000  PCI (00|00:14.00) : 8086 A36D class=0C0330
0:100  0:000  PCI (00|00:14.02) : 8086 A36F class=050000
0:100  0:000  PCI (00|00:14.03) : 8086 A370 class=028000
0:100  0:000   - WIFI: Vendor=Intel
0:100  0:000  PCI (00|00:15.00) : 8086 A368 class=0C8000
0:100  0:000  PCI (00|00:15.01) : 8086 A369 class=0C8000
0:100  0:000  PCI (00|00:16.00) : 8086 A360 class=078000
0:100  0:000  PCI (00|00:16.03) : 8086 A363 class=070002
0:100  0:000  PCI (00|00:17.00) : 8086 A353 class=010601
0:100  0:000  PCI (00|00:1C.00) : 8086 A338 class=060400
0:100  0:000  PCI (00|00:1C.05) : 8086 A33D class=060400
0:100  0:000  PCI (00|3B:00.00) : 10EC 525A class=FF0000
0:100  0:000  PCI (00|00:1D.00) : 8086 A330 class=060400
0:100  0:000  PCI (00|3C:00.00) : 1179 0116 class=010802
0:100  0:000  PCI (00|00:1F.00) : 8086 A30E class=060100
0:100  0:000  PCI (00|00:1F.03) : 8086 A348 class=040300
0:100  0:000  PCI (00|00:1F.04) : 8086 A323 class=0C0500
0:100  0:000  PCI (00|00:1F.05) : 8086 A324 class=0C8000
0:100  0:000  PCI (00|00:1F.06) : 8086 15BB class=020000
0:100  0:000   - LAN: 0 Vendor=Intel
0:100  0:000  === [ GetDefaultSettings ] ================================
0:100  0:000  Clover load options size = 162 bytes
0:101  0:000  EFI\CLOVER\.plist not loaded with name from LoadOptions: Invalid Parameter
0:103  0:001  EFI\CLOVER\config.plist loaded: Success
0:103  0:000  === [ GetListOfThemes ] ===================================
0:103  0:000  - [00]: Mojave
0:103  0:000  - [01]: random
0:104  0:000  - [01]: embedded
0:104  0:000  - [01]: Catalina
0:105  0:000  === [ Found config plists ] ===============================
0:105  0:000  - config.plist
0:105  0:000  === [ GetEarlyUserSettings ] ==============================
0:105  0:000  timeout set to 5
0:105  0:000  Custom boot CUSTOM_BOOT_DISABLED (0x0)
0:105  0:000  ForceKextsToLoad: 1 requested
0:105  0:000   - [0]: System\Library\Extensions\IONetworkingFamily.kext
0:105  0:000  KextsToPatch: 6 requested
0:105  0:000   - [00]: IOUSBHostFamily (USB port limit patch 10.14.x (credit ydeng)) :: MatchOS: 10.14.x :: BinPatch :: data len: 7
0:105  0:000   - patch disabled at config
0:105  0:000   - [01]: com.apple.driver.usb.AppleUSBXHCI (USB Port limit patch 10.14.5,10.14.6) :: MatchOS: 10.14.5,10.14.6 :: BinPatch :: data len: 10
0:105  0:000   - patch disabled at config
0:105  0:000   - [02]: IOUSBHostFamily (USB port name 10.14.x (credit ydeng)) :: BinPatch :: data len: 8
0:105  0:000   - patch disabled at config
0:105  0:000   - [03]: com.apple.driver.AppleIntelLpssI2CController (Prevent Apple I2C kexts from attaching to I2C controllers, credit CoolStar) :: PlistPatch :: data len: 5
0:105  0:000   - [04]: com.apple.driver.AppleIntelLpssI2C (Prevent Apple I2C kexts from attaching to I2C controllers, credit CoolStar) :: PlistPatch :: data len: 5
0:105  0:000   - [05]: com.apple.driver.AppleGraphicsDevicePolicy (NoLabel) :: BinPatch :: data len: 5
0:105  0:000   - patch disabled at config
0:105  0:000  KernelToPatch: 3 requested
0:105  0:000   - [00]: MSR 0xE2 _xcpm_idle instant reboot(c) Pike R. Alpha :: data len: 8
0:105  0:000   - [01]: Disable panic kext logging on 10.13 release kernel (credit vit9696) :: MatchOS: 10.13.x :: data len: 6
0:105  0:000   - [02]: Disable panic kext logging on 10.14 release kernel (credit vit9696) :: MatchOS: 10.14.x :: data len: 6
0:105  0:000  Default theme: Catalina
0:105  0:000  Hiding entries with string Preboot
0:105  0:000  === [ LoadDrivers ] =======================================
0:106  0:000  Loading FSInject.efi  status=Success
0:134  0:028  Loading HFSPlus.efi  status=Success
0:147  0:012   - driver needs connecting
0:147  0:000  Loading AptioInputFix.efi  status=Success
0:161  0:013  Loading VirtualSmc.efi  status=Success
0:174  0:013  Loading DataHubDxe.efi  status=Success
0:198  0:023  Loading PartitionDxe.efi  status=Success
0:207  0:009   - driver needs connecting
0:207  0:000  Loading ApfsDriverLoader.efi  status=Success
0:220  0:013   - driver needs connecting
0:220  0:000  Loading AudioDxe.efi  status=Success
0:233  0:013   - driver needs connecting
0:233  0:000  Loading AptioMemoryFix.efi  status=Success
0:247  0:013  4 drivers needs connecting ...
0:247  0:000  PlatformDriverOverrideProtocol->GetDriver overriden
0:247  0:000  Partition driver loaded: 
0:247  0:000  HFS+ driver loaded
0:247  0:000  APFS driver loaded
0:247  0:000  Searching for invalid DiskIo BY_DRIVER connects: not found, all ok
4:218  3:971  === [ InitScreen ] ========================================
4:218  0:000  Console modes reported: 4, available modes:
4:218  0:000   - [01]: 80x25
4:218  0:000   - [02]: 80x50
4:218  0:000   - [03]: 100x31
4:218  0:000   - [04]: 240x56 (current mode)
4:218  0:000  SetMaxResolution: found best mode 4: 1920x1080
4:218  0:000   - already set
4:218  0:000  reinit: self device path=PciRoot(0x0)\Pci(0x1D,0x0)\Pci(0x0,0x0)\NVMe(0x1,AA-3D-45-00-03-0D-08-00)\HD(1,GPT,B847393B-B541-479F-A3CF-54E0B6AA6EA1,0x800,0x12B800)
4:219  0:000  Using embedded font: Success
4:220  0:000  === [ GetMacAddress ] =====================================
4:220  0:000  MAC address of LAN #0= E4:B9:7A:6C:4C:11:
4:220  0:000  === [ ScanSPD ] ===========================================
4:220  0:000  Scanning SMBus [8086:A323], mmio: 0xED444004, ioport: 0xEFA0, hostc: 0x11
4:238  0:018  Slot: 0 Type 26 16384MB 2666MHz Vendor=Samsung PartNo=M471A2K43CB1-CTD SerialNo=0401010706000605
4:239  0:001  === [ GetAcpiTablesList ] =================================
4:239  0:000  Get Acpi Tables List from RSDT:
4:239  0:000   - [00]: FACP  CBX3    len=132
4:239  0:000   - [01]: APIC  CBX3    len=244
4:239  0:000   - [02]: FPDT  CBX3    len=68
4:239  0:000   - [03]: FIDT  CBX3    len=156
4:239  0:000   - [04]: MCFG  CBX3    len=60
4:239  0:000   - [05]: SSDT  SataTabl len=1889
4:239  0:000   - [06]: SSDT  CpuSsdt len=6101
4:239  0:000   - [07]: SSDT  SaSsdt  len=4918
4:239  0:000   - [08]: SSDT  PegSsdt len=9812
4:239  0:000   - [09]: HPET  CBX3    len=56
4:239  0:000   - [10]: SSDT  xh_cfhd4 len=10713
4:239  0:000   - [11]: UEFI  CBX3    len=72
4:239  0:000   - [12]: LPIT  CBX3    len=92
4:239  0:000   - [13]: SSDT  PtidDevc len=10206
4:239  0:000   - [14]: SSDT  TbtTypeC len=2174
4:239  0:000   - [15]: DBGP  CBX3    len=52
4:239  0:000   - [16]: DBG2  CBX3    len=84
4:239  0:000   - [17]: SSDT  UsbCTabl len=2047
4:239  0:000   - [18]: SSDT  DptfTabl len=24627
4:239  0:000   - [19]: MSDM  CBX3    len=85
4:239  0:000   - [20]: SLIC  CBX3    len=374
4:239  0:000   - [21]: SSDT  ADebTabl len=324
4:239  0:000   - [22]: SSDT  SgPeg len=174
4:239  0:000   - [23]: DMAR  EDK2     len=168
4:239  0:000   - [24]: TPM2  CBX3    len=52
4:239  0:000   - [25]: ASF!  CBX3    len=116
4:239  0:000   - [26]: SSDT  OptTabl len=7863
4:239  0:000   - [27]: EINJ  AMI.EINJ len=304
4:239  0:000   - [28]: ERST  AMI.ERST len=560
4:239  0:000   - [29]: BERT  AMI.BERT len=48
4:239  0:000   - [30]: HEST  AMI.HEST len=168
4:239  0:000   - [31]: BGRT   len=56
4:239  0:000  Calibrated TSC Frequency = 2592358900 = 2592MHz
4:240  0:000  === [ GetUserSettings ] ===================================
4:240  0:000  Add 2 devices:
4:240  0:000  Add 3 properties:
4:240  0:000   - [00]: NVidia Key: name, len: 9
4:240  0:000   - [01]: NVidia Key: IOName, len: 9
4:240  0:000   - [02]: NVidia Key: class-code, len: 4
4:240  0:000  USB FixOwnership: yes
4:240  0:000  Dropping 2 tables:
4:240  0:000   - [00]: Drop table  signature="DMAR" (52414D44)
4:240  0:000           - set table: 52414D44,                0 to drop: yes
4:240  0:000   - [01]: Drop table  signature="SSDT" (54445353) table-id="xh_rvp10" (30317076725F6878)
4:240  0:000           - set table: 54445353, 30317076725F6878 to drop: no
4:240  0:000   - final DSDT Fix mask=40C60050
4:240  0:000  PatchesDSDT: 15 requested
4:240  0:000   - [00]: (change OSID to XSID (to avoid match against _OSI XOSI patch)) lenToFind: 4, lenToReplace: 4, Target Bridge: <null string>
4:240  0:000   - [01]: (change _OSI to XOSI) lenToFind: 4, lenToReplace: 4, Target Bridge: <null string>
4:240  0:000   - [02]: (change _DSM to XDSM) lenToFind: 4, lenToReplace: 4, Target Bridge: <null string>
4:240  0:000   - [03]: (change HDAS to HDEF) lenToFind: 4, lenToReplace: 4, Target Bridge: <null string>
4:240  0:000   - [04]: (change HECI to IMEI) lenToFind: 4, lenToReplace: 4, Target Bridge: <null string>
4:240  0:000   - [05]: (change GFX0 to IGPU) lenToFind: 4, lenToReplace: 4, Target Bridge: <null string>
4:240  0:000   - [06]: (change SAT0 to SATA) lenToFind: 4, lenToReplace: 4, Target Bridge: <null string>
4:240  0:000   - [07]: (change ECDV to EC) lenToFind: 4, lenToReplace: 4, Target Bridge: <null string>
4:240  0:000   - [08]: (change Method(GPRW,2,N) to XPRW, pair with SSDT-GPRW.aml) lenToFind: 5, lenToReplace: 5, Target Bridge: <null string>
4:240  0:000   - [09]: (change _STA to XSTA in Device GPI0) lenToFind: 4, lenToReplace: 4, Target Bridge: GPI0
4:240  0:000   - [10]: (change _CRS to XCRS in Device TPD1) lenToFind: 4, lenToReplace: 4, Target Bridge: TPD1
4:240  0:000   - [11]: (change Method(_WAK,1,S) to ZWAK, pair with SSDT-PTSWAK.aml) lenToFind: 5, lenToReplace: 5, Target Bridge: <null string>
4:240  0:000   - [12]: (change Method(_WAK,1,N) to ZWAK, pair with SSDT-PTSWAK.aml) lenToFind: 5, lenToReplace: 5, Target Bridge: <null string>
4:240  0:000   - [13]: (change Method(_PTS,1,S) to ZPTS, pair with SSDT-PTSWAK.aml) lenToFind: 5, lenToReplace: 5, Target Bridge: <null string>
4:240  0:000   - [14]: (change Method(_PTS,1,N) to ZPTS, pair with SSDT-PTSWAK.aml) lenToFind: 5, lenToReplace: 5, Target Bridge: <null string>
4:240  0:000  Using ProductName from config: MacBookPro15,2
4:240  0:000  Found same BiosVersion in clover and config
4:240  0:000  BiosVersion: MBP152.88Z.F000.B00.1904222000
4:240  0:000  BiosReleaseDate: 04/22/2019
4:240  0:000  Using latest EfiVersion from clover: 220.270.99.0.0
4:240  0:000  Using FirmwareFeatures from config: 0xFC0FE137
4:240  0:000  Using FirmwareFeaturesMask from config: 0xFF1FFF3F
4:240  0:000  Board-ID set from config as Mac-827FB448E656EC26
4:240  0:000  BoardType: 0xA
4:240  0:000  ChassisType: 0x9
4:241  0:000  === [ Found DSDT tables ] =================================
4:316  0:075  === [ ScanVolumes ] =======================================
4:316  0:000  Found 10 volumes with blockIO
4:316  0:000  - [00]: Volume: PciRoot(0x0)\Pci(0x1D,0x0)\Pci(0x0,0x0)\NVMe(0x1,AA-3D-45-00-03-0D-08-00)
4:316  0:000  - [01]: Volume: PciRoot(0x0)\Pci(0x1D,0x0)\Pci(0x0,0x0)\NVMe(0x1,AA-3D-45-00-03-0D-08-00)\HD(1,GPT,B847393B-B541-479F-A3CF-54E0B6AA6EA1,0x800,0x12B800)
4:316  0:000          Result of bootcode detection: bootable Windows (vista,win)
4:316  0:000          This is SelfVolume !!
4:316  0:000  - [02]: Volume: PciRoot(0x0)\Pci(0x1D,0x0)\Pci(0x0,0x0)\NVMe(0x1,AA-3D-45-00-03-0D-08-00)\HD(2,GPT,64C89BE8-461C-4264-809E-E29C2263608C,0x12C000,0x8000)
4:316  0:000  - [03]: Volume: PciRoot(0x0)\Pci(0x1D,0x0)\Pci(0x0,0x0)\NVMe(0x1,AA-3D-45-00-03-0D-08-00)\HD(3,GPT,5958022A-CC6C-4C31-A599-B2FA20FD8603,0x134000,0x1856C800)
4:317  0:000          Result of bootcode detection: bootable Windows (vista,win)
4:317  0:000  - [04]: Volume: PciRoot(0x0)\Pci(0x1D,0x0)\Pci(0x0,0x0)\NVMe(0x1,AA-3D-45-00-03-0D-08-00)\HD(4,GPT,EE4BE8BC-FBFE-44FC-AF66-F0BAB221689D,0x186A0800,0x3D4C800)
4:317  0:000          Result of bootcode detection: bootable Windows (vista,win)
4:317  0:000  - [05]: Volume: PciRoot(0x0)\Pci(0x1D,0x0)\Pci(0x0,0x0)\NVMe(0x1,AA-3D-45-00-03-0D-08-00)\HD(5,GPT,88E78A03-2018-42ED-9FC3-D7350D81CDBA,0x1C3ED000,0x1F5F4288)
4:317  0:000          Result of bootcode detection: bootable unknown (legacy)
4:317  0:000  - [06]: Volume: PciRoot(0x0)\Pci(0x1D,0x0)\Pci(0x0,0x0)\NVMe(0x1,AA-3D-45-00-03-0D-08-00)\HD(5,GPT,88E78A03-2018-42ED-9FC3-D7350D81CDBA,0x1C3ED000,0x1F5F4288)\VenMedia(BE74FCF7-0B7C-49F3-9147-01F4042E6842,5C263A669C97BF479511DDCEA01FC90C)
4:317  0:000          hiding this volume
4:317  0:000  - [07]: Volume: PciRoot(0x0)\Pci(0x1D,0x0)\Pci(0x0,0x0)\NVMe(0x1,AA-3D-45-00-03-0D-08-00)\HD(5,GPT,88E78A03-2018-42ED-9FC3-D7350D81CDBA,0x1C3ED000,0x1F5F4288)\VenMedia(BE74FCF7-0B7C-49F3-9147-01F4042E6842,571BADCDAB95804E8B41DA0CE2DB7ECD)
4:317  0:000  - [08]: Volume: PciRoot(0x0)\Pci(0x1D,0x0)\Pci(0x0,0x0)\NVMe(0x1,AA-3D-45-00-03-0D-08-00)\HD(5,GPT,88E78A03-2018-42ED-9FC3-D7350D81CDBA,0x1C3ED000,0x1F5F4288)\VenMedia(BE74FCF7-0B7C-49F3-9147-01F4042E6842,7C8BA41F61A310489E8801CDB59524EB)
4:317  0:000  - [09]: Volume: PciRoot(0x0)\Pci(0x1D,0x0)\Pci(0x0,0x0)\NVMe(0x1,AA-3D-45-00-03-0D-08-00)\HD(5,GPT,88E78A03-2018-42ED-9FC3-D7350D81CDBA,0x1C3ED000,0x1F5F4288)\VenMedia(BE74FCF7-0B7C-49F3-9147-01F4042E6842,C7C16875E5D04E45A48FE501B59AE4C0)
4:317  0:000  found 2 handles with audio
4:317  0:000  No AudioIoDevice stored
4:317  0:000  no stored audio parameters
4:317  0:000  === [ InitTheme ] =========================================
4:317  0:000  use daylight theme
4:319  0:001  Using theme 'Catalina' (EFI\CLOVER\themes\Catalina)
4:319  0:000  OS main and drive as badge
4:320  0:000    Channels: 1  Sample rate: 44100 Hz  Bits: 16
4:320  0:000  output to channel 0 with volume 70, len=228736
4:320  0:000   sound channels=1 bits=16 freq=44100
4:320  0:000  not found AudioIo to play
4:320  0:000  free sound
4:320  0:000  sound play end with status=Not Found
4:321  0:000  Loading font from ThemeDir: Success
4:321  0:000  theme inited
4:321  0:000  Chosen theme Catalina
4:321  0:000  after NVRAM boot-args=dart=0 nv_disable=1 -disablegfxfirmware -cdfon -igfxnohdmi -v
4:321  0:000  === [ Dump SMC keys from NVRAM ] ==========================
4:321  0:000  found AppleSMC protocol
4:338  0:016  === [ AddCustomEntries ] ==================================
4:338  0:000  Custom entry 0 Title:"Recovery" Path:"\com.apple.recovery.boot\boot.efi" Type:10 Flags:0x6 matching all volumes
4:338  0:000      Checking volume "EFI" (PciRoot(0x0)\Pci(0x1D,0x0)\Pci(0x0,0x0)\NVMe(0x1,AA-3D-45-00-03-0D-08-00)\HD(1,GPT,B847393B-B541-479F-A3CF-54E0B6AA6EA1,0x800,0x12B800)) ... skipped because path does not exist
4:338  0:000      Checking volume "" (PciRoot(0x0)\Pci(0x1D,0x0)\Pci(0x0,0x0)\NVMe(0x1,AA-3D-45-00-03-0D-08-00)\HD(3,GPT,5958022A-CC6C-4C31-A599-B2FA20FD8603,0x134000,0x1856C800)) ... skipped because path does not exist
4:338  0:000      Checking volume "" (PciRoot(0x0)\Pci(0x1D,0x0)\Pci(0x0,0x0)\NVMe(0x1,AA-3D-45-00-03-0D-08-00)\HD(4,GPT,EE4BE8BC-FBFE-44FC-AF66-F0BAB221689D,0x186A0800,0x3D4C800)) ... skipped because path does not exist
4:338  0:000      Checking volume "Preboot" (PciRoot(0x0)\Pci(0x1D,0x0)\Pci(0x0,0x0)\NVMe(0x1,AA-3D-45-00-03-0D-08-00)\HD(5,GPT,88E78A03-2018-42ED-9FC3-D7350D81CDBA,0x1C3ED000,0x1F5F4288)\VenMedia(BE74FCF7-0B7C-49F3-9147-01F4042E6842,5C263A669C97BF479511DDCEA01FC90C)) ... skipped because volume is hidden
4:338  0:000      Checking volume "Mac OS" (PciRoot(0x0)\Pci(0x1D,0x0)\Pci(0x0,0x0)\NVMe(0x1,AA-3D-45-00-03-0D-08-00)\HD(5,GPT,88E78A03-2018-42ED-9FC3-D7350D81CDBA,0x1C3ED000,0x1F5F4288)\VenMedia(BE74FCF7-0B7C-49F3-9147-01F4042E6842,571BADCDAB95804E8B41DA0CE2DB7ECD)) ... skipped because path does not exist
4:338  0:000      Checking volume "Recovery" (PciRoot(0x0)\Pci(0x1D,0x0)\Pci(0x0,0x0)\NVMe(0x1,AA-3D-45-00-03-0D-08-00)\HD(5,GPT,88E78A03-2018-42ED-9FC3-D7350D81CDBA,0x1C3ED000,0x1F5F4288)\VenMedia(BE74FCF7-0B7C-49F3-9147-01F4042E6842,7C8BA41F61A310489E8801CDB59524EB)) ... skipped because path does not exist
4:338  0:000      Checking volume "VM" (PciRoot(0x0)\Pci(0x1D,0x0)\Pci(0x0,0x0)\NVMe(0x1,AA-3D-45-00-03-0D-08-00)\HD(5,GPT,88E78A03-2018-42ED-9FC3-D7350D81CDBA,0x1C3ED000,0x1F5F4288)\VenMedia(BE74FCF7-0B7C-49F3-9147-01F4042E6842,C7C16875E5D04E45A48FE501B59AE4C0)) ... skipped because path does not exist
4:338  0:000  Custom entry 1 Title:"Windows" Path:"\EFI\Microsoft\Boot\bootmgfw.efi" Options:"-s -h" Type:7 Flags:0x0 matching all volumes
4:338  0:000      Checking volume "EFI" (PciRoot(0x0)\Pci(0x1D,0x0)\Pci(0x0,0x0)\NVMe(0x1,AA-3D-45-00-03-0D-08-00)\HD(1,GPT,B847393B-B541-479F-A3CF-54E0B6AA6EA1,0x800,0x12B800)) ... match!
4:340  0:002  Custom settings: <null string>.plist will  be applied
4:340  0:000      Checking volume "" (PciRoot(0x0)\Pci(0x1D,0x0)\Pci(0x0,0x0)\NVMe(0x1,AA-3D-45-00-03-0D-08-00)\HD(3,GPT,5958022A-CC6C-4C31-A599-B2FA20FD8603,0x134000,0x1856C800)) ... skipped because path does not exist
4:340  0:000      Checking volume "" (PciRoot(0x0)\Pci(0x1D,0x0)\Pci(0x0,0x0)\NVMe(0x1,AA-3D-45-00-03-0D-08-00)\HD(4,GPT,EE4BE8BC-FBFE-44FC-AF66-F0BAB221689D,0x186A0800,0x3D4C800)) ... skipped because path does not exist
4:340  0:000      Checking volume "Preboot" (PciRoot(0x0)\Pci(0x1D,0x0)\Pci(0x0,0x0)\NVMe(0x1,AA-3D-45-00-03-0D-08-00)\HD(5,GPT,88E78A03-2018-42ED-9FC3-D7350D81CDBA,0x1C3ED000,0x1F5F4288)\VenMedia(BE74FCF7-0B7C-49F3-9147-01F4042E6842,5C263A669C97BF479511DDCEA01FC90C)) ... skipped because volume is hidden
4:340  0:000      Checking volume "Mac OS" (PciRoot(0x0)\Pci(0x1D,0x0)\Pci(0x0,0x0)\NVMe(0x1,AA-3D-45-00-03-0D-08-00)\HD(5,GPT,88E78A03-2018-42ED-9FC3-D7350D81CDBA,0x1C3ED000,0x1F5F4288)\VenMedia(BE74FCF7-0B7C-49F3-9147-01F4042E6842,571BADCDAB95804E8B41DA0CE2DB7ECD)) ... skipped because path does not exist
4:340  0:000      Checking volume "Recovery" (PciRoot(0x0)\Pci(0x1D,0x0)\Pci(0x0,0x0)\NVMe(0x1,AA-3D-45-00-03-0D-08-00)\HD(5,GPT,88E78A03-2018-42ED-9FC3-D7350D81CDBA,0x1C3ED000,0x1F5F4288)\VenMedia(BE74FCF7-0B7C-49F3-9147-01F4042E6842,7C8BA41F61A310489E8801CDB59524EB)) ... skipped because path does not exist
4:340  0:000      Checking volume "VM" (PciRoot(0x0)\Pci(0x1D,0x0)\Pci(0x0,0x0)\NVMe(0x1,AA-3D-45-00-03-0D-08-00)\HD(5,GPT,88E78A03-2018-42ED-9FC3-D7350D81CDBA,0x1C3ED000,0x1F5F4288)\VenMedia(BE74FCF7-0B7C-49F3-9147-01F4042E6842,C7C16875E5D04E45A48FE501B59AE4C0)) ... skipped because path does not exist
4:340  0:000  === [ ScanLoader ] ========================================
4:340  0:000  - [01]: 'EFI'
4:341  0:000          AddLoaderEntry for Volume Name=EFI
4:341  0:000       skipped because path `PciRoot(0x0)\Pci(0x1D,0x0)\Pci(0x0,0x0)\NVMe(0x1,AA-3D-45-00-03-0D-08-00)\HD(1,GPT,B847393B-B541-479F-A3CF-54E0B6AA6EA1,0x800,0x12B800)\EFI\microsoft\Boot\bootmgfw.efii` already exists for another entry!
4:359  0:017          AddLoaderEntry for Volume Name=EFI
4:359  0:000          skipped because entry is hidden
4:359  0:000  - [03]: ''
4:372  0:013  - [04]: ''
4:385  0:013  - [06]: 'Preboot', hidden
4:385  0:000  - [07]: 'Mac OS'
4:391  0:006          AddLoaderEntry for Volume Name=Mac OS
4:392  0:001      hibernated: set as never
4:407  0:015  - [08]: 'Recovery'
4:407  0:000          AddLoaderEntry for Volume Name=Recovery
4:422  0:014  - [09]: 'VM'
4:435  0:012  === [ AddCustomTool ] =====================================
4:436  0:000  found tool \EFI\CLOVER\tools\Shell64U.efi
4:436  0:000  Checking EFI partition Volume 1 for Clover
4:436  0:000   Found Clover
4:437  0:001  === [ GetEfiBootDeviceFromNvram ] =========================
4:437  0:000   - efi-boot-device-data: PciRoot(0x0)\Pci(0x1D,0x0)\Pci(0x0,0x0)\SasEx(0x0100000000080D03,0x00453DAA7074616C,0x0,NoTopology,0,0,0)\HD(5,GPT,88E78A03-2018-42ED-9FC3-D7350D81CDBA,0x1C3ED000,0x1F5F4288)\VenMedia(BE74FCF7-0B7C-49F3-9147-01F4042E6842,5C263A669C97BF479511DDCEA01FC90C)\CDAD1B57-95AB-4E80-8B41-DA0CE2DB7ECD\System\Library\CoreServices\boot.efii
4:437  0:000    - Volume: 'PciRoot(0x0)\Pci(0x1D,0x0)\Pci(0x0,0x0)\SasEx(0x0100000000080D03,0x00453DAA7074616C,0x0,NoTopology,0,0,0)\HD(5,GPT,88E78A03-2018-42ED-9FC3-D7350D81CDBA,0x1C3ED000,0x1F5F4288)\VenMedia(BE74FCF7-0B7C-49F3-9147-01F4042E6842,5C263A669C97BF479511DDCEA01FC90C)'
4:437  0:000    - LoaderPath: '\CDAD1B57-95AB-4E80-8B41-DA0CE2DB7ECD\System\Library\CoreServices\boot.efi'
4:437  0:000    - Guid = 88E78A03-2018-42ED-9FC3-D7350D81CDBA
4:437  0:000  === [ FindStartupDiskVolume ] =============================
4:437  0:000    - Volume: partition = PciRoot(0x0)\Pci(0x1D,0x0)\Pci(0x0,0x0)\SasEx(0x0100000000080D03,0x00453DAA7074616C,0x0,NoTopology,0,0,0)\HD(5,GPT,88E78A03-2018-42ED-9FC3-D7350D81CDBA,0x1C3ED000,0x1F5F4288)\VenMedia(BE74FCF7-0B7C-49F3-9147-01F4042E6842,5C263A669C97BF479511DDCEA01FC90C)
4:437  0:000     - searching for that partition and loader '\CDAD1B57-95AB-4E80-8B41-DA0CE2DB7ECD\System\Library\CoreServices\boot.efi'
4:437  0:000      - [!] not found
4:437  0:000     - searching again, but comparing Media dev path nodes
4:438  0:000      - [!] not found
4:438  0:000     - searching for that partition
4:438  0:000      - [!] not found
4:438  0:000     - searching again, but comparing Media dev path nodes
4:438  0:000      - found entry 1. 'Boot macOS from Mac OS', Volume 'Mac OS'
4:438  0:000  Boot redirected to Entry 1. 'Boot macOS from Mac OS'
4:438  0:000  DefaultIndex=1 and MainMenu.EntryCount=9
4:684  0:246  can't bear mouse at all! Status=Unsupported
4:686  0:002  can't bear mouse at timeout! Status=Unsupported
4:686  0:000  GUI ready
5:690  1:003  can't bear mouse at timeout! Status=Unsupported
5:814  0:124  can't bear mouse at timeout! Status=Unsupported
5:818  0:004  can't bear mouse at sel! Status=Unsupported
6:945  1:126  can't bear mouse at sel! Status=Unsupported
7:143  0:198  can't bear mouse at sel! Status=Unsupported
7:315  0:171  can't bear mouse at all! Status=Unsupported
7:494  0:179  can't bear mouse at sel! Status=Unsupported
8:588  1:093  can't bear mouse at sel! Status=Unsupported
9:084  0:496  exit from MainMenu 1
10:076  0:992  can't bear mouse at all! Status=Unsupported
10:614  0:537  can't bear mouse at sel! Status=Unsupported
10:964  0:350  can't bear mouse at all! Status=Unsupported
11:153  0:189  can't bear mouse at sel! Status=Unsupported
13:560  2:407  can't bear mouse at all! Status=Unsupported
13:834  0:273  can't bear mouse at sel! Status=Unsupported
14:091  0:256  can't bear mouse at sel! Status=Unsupported
14:945  0:854  exit from MainMenu 1
22:753  7:807  can't bear mouse at all! Status=Unsupported
23:310  0:557  can't bear mouse at sel! Status=Unsupported
23:531  0:221  can't bear mouse at all! Status=Unsupported
23:857  0:325  can't bear mouse at sel! Status=Unsupported
24:032  0:175  can't bear mouse at sel! Status=Unsupported
24:215  0:182  can't bear mouse at sel! Status=Unsupported
24:674  0:458  can't bear mouse at sel! Status=Unsupported
25:621  0:947  can't bear mouse at sel! Status=Unsupported
25:826  0:204  can't bear mouse at sel! Status=Unsupported
26:033  0:207  can't bear mouse at sel! Status=Unsupported
26:448  0:414  can't bear mouse at sel! Status=Unsupported
26:989  0:540  can't bear mouse at sel! Status=Unsupported
27:472  0:483  can't bear mouse at sel! Status=Unsupported
30:075  2:603  exit from MainMenu 7
60:877  30:801  can't bear mouse at all! Status=Unsupported
62:397  1:520  exit from MainMenu 1
62:397  0:000  ParseBootOption: invalid input params
62:397  0:000  BootVariable of the entry is empty
62:397  0:000  === [ StartLoader ] =======================================
62:397  0:000  Finally: ExternalClock=25MHz BusSpeed=99707kHz CPUFreq=2592MHz PIS: hw.busfrequency=100000000Hz
62:398  0:000  Loading boot.efi  status=Success
62:468  0:069  GetOSVersion: 10.14.6 (18G84)
62:468  0:000  CSR_CFG: CSR_ALLOW_UNTRUSTED_KEXTS | CSR_ALLOW_UNRESTRICTED_FS | CSR_ALLOW_TASK_FOR_PID | CSR_ALLOW_UNRESTRICTED_DTRACE | CSR_ALLOW_UNRESTRICTED_NVRAM
62:468  0:000  Filtering KextPatches:
62:468  0:000   - [00]: IOUSBHostFamily (USB port limit patch 10.14.x (credit ydeng)) :: BinPatch :: [OS: 10.14.6 | MatchOS: 10.14.x | MatchBuild: All] ==> disabled by user
62:468  0:000   - [01]: com.apple.driver.usb.AppleUSBXHCI (USB Port limit patch 10.14.5,10.14.6) :: BinPatch :: [OS: 10.14.6 | MatchOS: 10.14.5,10.14.6 | MatchBuild: All] ==> disabled by user
62:468  0:000   - [02]: IOUSBHostFamily (USB port name 10.14.x (credit ydeng)) :: BinPatch :: [OS: 10.14.6 | MatchOS: All | MatchBuild: All] ==> disabled by user
62:468  0:000   - [03]: com.apple.driver.AppleIntelLpssI2CController (Prevent Apple I2C kexts from attaching to I2C controllers, credit CoolStar) :: PlistPatch :: [OS: 10.14.6 | MatchOS: All | MatchBuild: All] ==> allowed
62:468  0:000   - [04]: com.apple.driver.AppleIntelLpssI2C (Prevent Apple I2C kexts from attaching to I2C controllers, credit CoolStar) :: PlistPatch :: [OS: 10.14.6 | MatchOS: All | MatchBuild: All] ==> allowed
62:468  0:000   - [05]: com.apple.driver.AppleGraphicsDevicePolicy (NoLabel) :: BinPatch :: [OS: 10.14.6 | MatchOS: All | MatchBuild: All] ==> disabled by user
62:468  0:000  Filtering KernelPatches:
62:468  0:000   - [00]: MSR 0xE2 _xcpm_idle instant reboot(c) Pike R. Alpha :: [OS: 10.14.6 | MatchOS: All | MatchBuild: no] ==> allowed by OS
62:468  0:000   - [01]: Disable panic kext logging on 10.13 release kernel (credit vit9696) :: [OS: 10.14.6 | MatchOS: 10.13.x | MatchBuild: no] ==> not allowed by OS
62:468  0:000   - [02]: Disable panic kext logging on 10.14 release kernel (credit vit9696) :: [OS: 10.14.6 | MatchOS: 10.14.x | MatchBuild: no] ==> allowed by OS
62:468  0:000  Will not patch boot.efi
62:468  0:000  === [ PatchSmbios ] =======================================
62:468  0:000  insert table 9 for dev 1F:6
62:468  0:000  insert table 9 for dev 14:3
62:468  0:000  Table 11 present, but rewritten for us
62:469  0:000  Trusting SMBIOS...
62:469  0:000  Channels: 1
62:469  0:000  Interleave: 0 1 2 3 4 5 6 7 8 9 10 11 12 13 14 15 16 17 18 19 20 21 22 23
62:469  0:000   partNum=M471A2K43CB1-CTD    
62:469  0:000  SMBIOS Type 17 Index = 0 => 0 0:
62:469  0:000  BANK 0 DIMM0 2667MHz 16384MB
62:469  0:000  SMBIOS Type 17 Index = 1 => 1 1:
62:469  0:000  BANK 0 DIMM1 EMPTY
62:469  0:000  mTotalSystemMemory = 16384
62:469  0:000  NumberOfMemoryDevices = 2
62:469  0:000  Type20[0]->End = 0xFFFFFF, Type17[0] = 0x4000
62:469  0:000  Table 131 is present, CPUType=35
62:469  0:000  Change to: 709
62:469  0:000  === [ PatchACPI ] =========================================
62:469  0:000  Xsdt reallocation done
62:469  0:000  old FADT length=114
62:469  0:000   SignatureFixup: 0xE63EDDFF -> 0x0
62:469  0:000  Apply DsdtFixMask=0x40C60050
62:469  0:000     drop _DSM mask=0x0000
62:469  0:000  === [ FixBiosDsdt ] =======================================
62:469  0:000  Patching DSDT:
62:469  0:000   - [change OSID to XSID (to avoid match against _OSI XOSI patch)]: pattern 4F534944, patched at: [ (3F129) (E2) (F) (66F) (200) (282) (18B0) ]
62:470  0:000   - [change _OSI to XOSI]: pattern 5F4F5349, patched at: [ (A6C9) (A98D) (1C54) (3) (18) (1C) (1C) (1A) (18) (18) (18) (18) (18) (46) (E1) (5) (E) (2823C) (3) (D) (D) (D) (13) (14) ]
62:470  0:000   - [change _DSM to XDSM]: pattern 5F44534D, patched at: [ (4777) (445) (3A4) (3A4) (3A4) (3A4) (3A4) (3A4) (3A4) (3A4) (3A4) (3A4) (3A4) (3A4) (3A4) (3A4) (3A4) (3A4) (3A4) (3A4) (3A4) (3A4) (3A4) (3A4) (3A4) (3CAE) (76) (702) (B) (47A) (5F1) (11) (6B) (22) (22) (3C) (18) (36) (814) (26F0) (E3) (E3) (60E) (C0) (C0) (C0) (C0) (C0) (C0) (C0) (C0) (FC) (106) (106) (128) (2A3) (9E) (59) (2592) (20CC) (2BDC) (CC0) (CC0) (CC0) (CC0) (CC0) (CC0) (CC0) (CC0) (CC0) (CC0) (CC0) (CC0) (CC0) (CC0) (CC0) (CC0) (CC0) (CC0) (CC0) (3278) (2C27) (364) (BE) (2A2) (291) (364) (BE) (34A) (364) (BE) (34A) (364) (BE) (A3F3) ]
62:470  0:000   - [change HDAS to HDEF]: pattern 48444153, patched at: [ (924) (12) (12) (E376) (76) (3F) (66) (A7) (DB) (89) (1B744) (19D0) (6166) (8FCC) ]
62:470  0:000   - [change HECI to IMEI]: pattern 48454349, patched at: [ (134D3) (17201) (1FAE) ]
62:471  0:000   - [change GFX0 to IGPU]: pattern 47465830, patched at: [ (52) (E) (12) (12) (12) (5E) (12) (12) (12) (77) (12) (C5C) (12) (4B9) (12) (1D) (3417) (1178C) (1B) (FBE) (A) (2C56) (14) (1096E) (1B84) (1321B) (302A) (4A) (19) (64) (11) (CA) (97) (87) ]
62:471  0:000   - [change SAT0 to SATA]: pattern 53415430, patched at: [ (9A4) (12) (1CA) (16) (16) (16) (16) (16) (16) (16) (16) (16) (16) (16) (45B) (E6F0) (22B3) (27) (28) (28) (28) (28) (28) (29) (29) (29) (29) (29) (31) (27) (28) (28) (28) (28) (28) (29) (29) (29) (29) (29) (3FA6) (18) (13) (1469C) (1A00) (21) (10B) (4D1) (1CC) (29) (2E) (2E) (2E) (15848) ]
62:471  0:000   - [change ECDV to EC]: pattern 45434456, patched at: [ (13B1) (16) (24) (16) (16) (16) (76) (16) (16) (16) (16) (16) (16) (3E924) (DC9) (3E) (1C) (1B) (46E) (14) (121) (15) (3F) (15) (D42) (122) (34) (409) ]
62:471  0:000   - [change Method(GPRW,2,N) to XPRW, pair with SSDT-GPRW.aml]: pattern 47505257, patched at: [ (17851) ]
62:472  0:000   - [change _STA to XSTA in Device GPI0]: - [change _CRS to XCRS in Device TPD1]: - [change Method(_WAK,1,S) to ZWAK, pair with SSDT-PTSWAK.aml]: pattern 5F57414B, bin not found / already patched!
62:474  0:001   - [change Method(_WAK,1,N) to ZWAK, pair with SSDT-PTSWAK.aml]: pattern 5F57414B, patched at: [ (A2B2) ]
62:474  0:000   - [change Method(_PTS,1,S) to ZPTS, pair with SSDT-PTSWAK.aml]: pattern 5F505453, bin not found / already patched!
62:474  0:000   - [change Method(_PTS,1,N) to ZPTS, pair with SSDT-PTSWAK.aml]: pattern 5F505453, patched at: [ (A269) ]
62:475  0:000    0 replacements
62:475  0:000  found RTC Length not match, Maybe will cause CMOS reset, will patch it.
62:475  0:000  found RTC had IRQNoFlag will move -3 bytes
62:476  0:000  found PIC had IRQNoFlag will move -3 bytes
62:476  0:000  Start HPET Fix
62:477  0:000   deleting device CRT_
62:477  0:000   deleting device DVI_
62:478  0:000   deleting device SPKR
62:479  0:000   deleting device ECP_
62:479  0:000   deleting device LPT_
62:480  0:000   deleting device FDC0
62:480  0:000   deleting device ECP1
62:481  0:000   deleting device LPT1
62:481  0:000  Start Mutex Fix
62:481  0:000  Fixing Mutex(SMIX, 1)
62:481  0:000  Fixing Mutex(WMIX, 1)
62:481  0:000  Fixing Mutex(ECMX, 1)
62:481  0:000  Fixing Mutex(ECSX, 1)
62:481  0:000  Fixing Mutex(ECM1, 1)
62:481  0:000  Fixing Mutex(QSEV, 1)
62:481  0:000  Fixing Mutex(ECAX, 1)
62:482  0:000  Name AC__P present at 0x418CE, renaming to ADP1
62:482  0:000  Name AC__P present at 0x41930, renaming to ADP1
62:482  0:000  PreCleanup XSDT: count=32, length=292
62:482  0:000  PreCleanup XSDT, corrected XSDT: count=32, length=292
62:482  0:000  === [ ACPIPatchedAML ] ====================================
62:482  0:000  AutoMerge pass 1
62:482  0:000  Unsorted
62:482  0:000  Inserting SSDT-PTSWAK.aml from EFI\CLOVER\ACPI\patched: ignore on pass 1
62:482  0:000  Inserting SSDT-PS2K.aml from EFI\CLOVER\ACPI\patched: ignore on pass 1
62:482  0:000  Inserting SSDT-DGPU-OFF.aml from EFI\CLOVER\ACPI\patched: ignore on pass 1
62:482  0:000  Inserting SSDT-I2C.aml from EFI\CLOVER\ACPI\patched: ignore on pass 1
62:482  0:000  Inserting SSDT-GPRW.aml from EFI\CLOVER\ACPI\patched: ignore on pass 1
62:482  0:000  Inserting SSDT-PNLFCFL.aml from EFI\CLOVER\ACPI\patched: ignore on pass 1
62:482  0:000  Inserting SSDT-XHC.aml from EFI\CLOVER\ACPI\patched: ignore on pass 1
62:482  0:000  Inserting SSDT-SMBUS.aml from EFI\CLOVER\ACPI\patched: ignore on pass 1
62:482  0:000  Inserting SSDT-XOSI.aml from EFI\CLOVER\ACPI\patched: ignore on pass 1
62:482  0:000  === [ ACPIDropTables ] ====================================
62:482  0:000  Drop tables from XSDT, SIGN=DMAR TableID=EDK2     Length=168
62:482  0:000   Table[23]: DMAR  EDK2      168 dropped
62:482  0:000  Patching SSDT SataTabl Length=1889
62:482  0:000  0. [change OSID to XSID (to avoid match against _OSI XOSI patch)]: pattern 4F534944, bin not found / already patched!
62:482  0:000  1. [change _OSI to XOSI]: pattern 5F4F5349, bin not found / already patched!
62:482  0:000  2. [change _DSM to XDSM]: pattern 5F44534D, bin not found / already patched!
62:482  0:000  3. [change HDAS to HDEF]: pattern 48444153, bin not found / already patched!
62:482  0:000  4. [change HECI to IMEI]: pattern 48454349, bin not found / already patched!
62:482  0:000  5. [change GFX0 to IGPU]: pattern 47465830, bin not found / already patched!
62:482  0:000  6. [change SAT0 to SATA]: pattern 53415430, patched at: [ (20) (E) (12) (12) (12) (12) (12) (C2) ]
62:482  0:000  7. [change ECDV to EC]: pattern 45434456, bin not found / already patched!
62:482  0:000  8. [change Method(GPRW,2,N) to XPRW, pair with SSDT-GPRW.aml]: pattern 47505257, bin not found / already patched!
62:482  0:000  9. [change _STA to XSTA in Device GPI0]: pattern 5F535441, bin not found / already patched!
62:482  0:000  10. [change _CRS to XCRS in Device TPD1]: pattern 5F435253, bin not found / already patched!
62:482  0:000  11. [change Method(_WAK,1,S) to ZWAK, pair with SSDT-PTSWAK.aml]: pattern 5F57414B, bin not found / already patched!
62:482  0:000  12. [change Method(_WAK,1,N) to ZWAK, pair with SSDT-PTSWAK.aml]: pattern 5F57414B, bin not found / already patched!
62:482  0:000  13. [change Method(_PTS,1,S) to ZPTS, pair with SSDT-PTSWAK.aml]: pattern 5F505453, bin not found / already patched!
62:482  0:000  14. [change Method(_PTS,1,N) to ZPTS, pair with SSDT-PTSWAK.aml]: pattern 5F505453, bin not found / already patched!
62:482  0:000    0 replacements
62:482  0:000  Patching SSDT CpuSsdt Length=6101
62:482  0:000  0. [change OSID to XSID (to avoid match against _OSI XOSI patch)]: pattern 4F534944, bin not found / already patched!
62:482  0:000  1. [change _OSI to XOSI]: pattern 5F4F5349, bin not found / already patched!
62:482  0:000  2. [change _DSM to XDSM]: pattern 5F44534D, bin not found / already patched!
62:482  0:000  3. [change HDAS to HDEF]: pattern 48444153, bin not found / already patched!
62:482  0:000  4. [change HECI to IMEI]: pattern 48454349, bin not found / already patched!
62:482  0:000  5. [change GFX0 to IGPU]: pattern 47465830, bin not found / already patched!
62:482  0:000  6. [change SAT0 to SATA]: pattern 53415430, bin not found / already patched!
62:482  0:000  7. [change ECDV to EC]: pattern 45434456, bin not found / already patched!
62:482  0:000  8. [change Method(GPRW,2,N) to XPRW, pair with SSDT-GPRW.aml]: pattern 47505257, bin not found / already patched!
62:482  0:000  9. [change _STA to XSTA in Device GPI0]: pattern 5F535441, bin not found / already patched!
62:482  0:000  10. [change _CRS to XCRS in Device TPD1]: pattern 5F435253, bin not found / already patched!
62:482  0:000  11. [change Method(_WAK,1,S) to ZWAK, pair with SSDT-PTSWAK.aml]: pattern 5F57414B, bin not found / already patched!
62:482  0:000  12. [change Method(_WAK,1,N) to ZWAK, pair with SSDT-PTSWAK.aml]: pattern 5F57414B, bin not found / already patched!
62:482  0:000  13. [change Method(_PTS,1,S) to ZPTS, pair with SSDT-PTSWAK.aml]: pattern 5F505453, bin not found / already patched!
62:482  0:000  14. [change Method(_PTS,1,N) to ZPTS, pair with SSDT-PTSWAK.aml]: pattern 5F505453, bin not found / already patched!
62:482  0:000    0 replacements
62:482  0:000  Found OperationRegion(PNVS, SystemMemory, 66CED000, ...)
62:482  0:000  Patching SSDT SaSsdt  Length=4918
62:482  0:000  0. [change OSID to XSID (to avoid match against _OSI XOSI patch)]: pattern 4F534944, bin not found / already patched!
62:482  0:000  1. [change _OSI to XOSI]: pattern 5F4F5349, bin not found / already patched!
62:482  0:000  2. [change _DSM to XDSM]: pattern 5F44534D, patched at: [ (E02) (4D2) ]
62:482  0:000  3. [change HDAS to HDEF]: pattern 48444153, bin not found / already patched!
62:482  0:000  4. [change HECI to IMEI]: pattern 48454349, bin not found / already patched!
62:482  0:000  5. [change GFX0 to IGPU]: pattern 47465830, patched at: [ (2D) (66) (2C0) (871) (1D) (6A5) ]
62:482  0:000  6. [change SAT0 to SATA]: pattern 53415430, bin not found / already patched!
62:482  0:000  7. [change ECDV to EC]: pattern 45434456, bin not found / already patched!
62:482  0:000  8. [change Method(GPRW,2,N) to XPRW, pair with SSDT-GPRW.aml]: pattern 47505257, bin not found / already patched!
62:482  0:000  9. [change _STA to XSTA in Device GPI0]: pattern 5F535441, patched at: [ (12AF) ]
62:482  0:000  10. [change _CRS to XCRS in Device TPD1]: pattern 5F435253, bin not found / already patched!
62:482  0:000  11. [change Method(_WAK,1,S) to ZWAK, pair with SSDT-PTSWAK.aml]: pattern 5F57414B, bin not found / already patched!
62:482  0:000  12. [change Method(_WAK,1,N) to ZWAK, pair with SSDT-PTSWAK.aml]: pattern 5F57414B, bin not found / already patched!
62:482  0:000  13. [change Method(_PTS,1,S) to ZPTS, pair with SSDT-PTSWAK.aml]: pattern 5F505453, bin not found / already patched!
62:482  0:000  14. [change Method(_PTS,1,N) to ZPTS, pair with SSDT-PTSWAK.aml]: pattern 5F505453, bin not found / already patched!
62:482  0:000    0 replacements
62:482  0:000  Found OperationRegion(SANV, SystemMemory, 79F8DC98, ...)
62:482  0:000  Patching SSDT PegSsdt Length=9812
62:482  0:000  0. [change OSID to XSID (to avoid match against _OSI XOSI patch)]: pattern 4F534944, bin not found / already patched!
62:482  0:000  1. [change _OSI to XOSI]: pattern 5F4F5349, patched at: [ (14B4) (3BE) (1B9) ]
62:482  0:000  2. [change _DSM to XDSM]: pattern 5F44534D, patched at: [ (565) (3BC) (3BC) ]
62:482  0:000  3. [change HDAS to HDEF]: pattern 48444153, bin not found / already patched!
62:482  0:000  4. [change HECI to IMEI]: pattern 48454349, bin not found / already patched!
62:482  0:000  5. [change GFX0 to IGPU]: pattern 47465830, bin not found / already patched!
62:482  0:000  6. [change SAT0 to SATA]: pattern 53415430, bin not found / already patched!
62:482  0:000  7. [change ECDV to EC]: pattern 45434456, bin not found / already patched!
62:482  0:000  8. [change Method(GPRW,2,N) to XPRW, pair with SSDT-GPRW.aml]: pattern 47505257, bin not found / already patched!
62:482  0:000  9. [change _STA to XSTA in Device GPI0]: pattern 5F535441, bin not found / already patched!
62:482  0:000  10. [change _CRS to XCRS in Device TPD1]: pattern 5F435253, bin not found / already patched!
62:482  0:000  11. [change Method(_WAK,1,S) to ZWAK, pair with SSDT-PTSWAK.aml]: pattern 5F57414B, bin not found / already patched!
62:482  0:000  12. [change Method(_WAK,1,N) to ZWAK, pair with SSDT-PTSWAK.aml]: pattern 5F57414B, bin not found / already patched!
62:482  0:000  13. [change Method(_PTS,1,S) to ZPTS, pair with SSDT-PTSWAK.aml]: pattern 5F505453, bin not found / already patched!
62:482  0:000  14. [change Method(_PTS,1,N) to ZPTS, pair with SSDT-PTSWAK.aml]: pattern 5F505453, bin not found / already patched!
62:483  0:000    0 replacements
62:483  0:000  Patching SSDT xh_cfhd4 Length=10713
62:483  0:000  0. [change OSID to XSID (to avoid match against _OSI XOSI patch)]: pattern 4F534944, bin not found / already patched!
62:483  0:000  1. [change _OSI to XOSI]: pattern 5F4F5349, bin not found / already patched!
62:483  0:000  2. [change _DSM to XDSM]: pattern 5F44534D, bin not found / already patched!
62:483  0:000  3. [change HDAS to HDEF]: pattern 48444153, bin not found / already patched!
62:483  0:000  4. [change HECI to IMEI]: pattern 48454349, bin not found / already patched!
62:483  0:000  5. [change GFX0 to IGPU]: pattern 47465830, bin not found / already patched!
62:483  0:000  6. [change SAT0 to SATA]: pattern 53415430, bin not found / already patched!
62:483  0:000  7. [change ECDV to EC]: pattern 45434456, bin not found / already patched!
62:483  0:000  8. [change Method(GPRW,2,N) to XPRW, pair with SSDT-GPRW.aml]: pattern 47505257, bin not found / already patched!
62:483  0:000  9. [change _STA to XSTA in Device GPI0]: pattern 5F535441, bin not found / already patched!
62:483  0:000  10. [change _CRS to XCRS in Device TPD1]: pattern 5F435253, bin not found / already patched!
62:483  0:000  11. [change Method(_WAK,1,S) to ZWAK, pair with SSDT-PTSWAK.aml]: pattern 5F57414B, bin not found / already patched!
62:483  0:000  12. [change Method(_WAK,1,N) to ZWAK, pair with SSDT-PTSWAK.aml]: pattern 5F57414B, bin not found / already patched!
62:483  0:000  13. [change Method(_PTS,1,S) to ZPTS, pair with SSDT-PTSWAK.aml]: pattern 5F505453, bin not found / already patched!
62:483  0:000  14. [change Method(_PTS,1,N) to ZPTS, pair with SSDT-PTSWAK.aml]: pattern 5F505453, bin not found / already patched!
62:483  0:000    0 replacements
62:483  0:000  Patching SSDT PtidDevc Length=10206
62:483  0:000  0. [change OSID to XSID (to avoid match against _OSI XOSI patch)]: pattern 4F534944, bin not found / already patched!
62:483  0:000  1. [change _OSI to XOSI]: pattern 5F4F5349, bin not found / already patched!
62:483  0:000  2. [change _DSM to XDSM]: pattern 5F44534D, bin not found / already patched!
62:483  0:000  3. [change HDAS to HDEF]: pattern 48444153, bin not found / already patched!
62:483  0:000  4. [change HECI to IMEI]: pattern 48454349, bin not found / already patched!
62:483  0:000  5. [change GFX0 to IGPU]: pattern 47465830, bin not found / already patched!
62:483  0:000  6. [change SAT0 to SATA]: pattern 53415430, bin not found / already patched!
62:483  0:000  7. [change ECDV to EC]: pattern 45434456, bin not found / already patched!
62:483  0:000  8. [change Method(GPRW,2,N) to XPRW, pair with SSDT-GPRW.aml]: pattern 47505257, bin not found / already patched!
62:483  0:000  9. [change _STA to XSTA in Device GPI0]: pattern 5F535441, patched at: [ (846) ]
62:483  0:000  10. [change _CRS to XCRS in Device TPD1]: pattern 5F435253, bin not found / already patched!
62:483  0:000  11. [change Method(_WAK,1,S) to ZWAK, pair with SSDT-PTSWAK.aml]: pattern 5F57414B, bin not found / already patched!
62:483  0:000  12. [change Method(_WAK,1,N) to ZWAK, pair with SSDT-PTSWAK.aml]: pattern 5F57414B, bin not found / already patched!
62:483  0:000  13. [change Method(_PTS,1,S) to ZPTS, pair with SSDT-PTSWAK.aml]: pattern 5F505453, bin not found / already patched!
62:483  0:000  14. [change Method(_PTS,1,N) to ZPTS, pair with SSDT-PTSWAK.aml]: pattern 5F505453, bin not found / already patched!
62:483  0:000    0 replacements
62:483  0:000  Patching SSDT TbtTypeC Length=2174
62:483  0:000  0. [change OSID to XSID (to avoid match against _OSI XOSI patch)]: pattern 4F534944, bin not found / already patched!
62:483  0:000  1. [change _OSI to XOSI]: pattern 5F4F5349, bin not found / already patched!
62:483  0:000  2. [change _DSM to XDSM]: pattern 5F44534D, bin not found / already patched!
62:483  0:000  3. [change HDAS to HDEF]: pattern 48444153, bin not found / already patched!
62:483  0:000  4. [change HECI to IMEI]: pattern 48454349, bin not found / already patched!
62:483  0:000  5. [change GFX0 to IGPU]: pattern 47465830, bin not found / already patched!
62:483  0:000  6. [change SAT0 to SATA]: pattern 53415430, bin not found / already patched!
62:483  0:000  7. [change ECDV to EC]: pattern 45434456, bin not found / already patched!
62:483  0:000  8. [change Method(GPRW,2,N) to XPRW, pair with SSDT-GPRW.aml]: pattern 47505257, bin not found / already patched!
62:483  0:000  9. [change _STA to XSTA in Device GPI0]: pattern 5F535441, bin not found / already patched!
62:483  0:000  10. [change _CRS to XCRS in Device TPD1]: pattern 5F435253, bin not found / already patched!
62:483  0:000  11. [change Method(_WAK,1,S) to ZWAK, pair with SSDT-PTSWAK.aml]: pattern 5F57414B, bin not found / already patched!
62:483  0:000  12. [change Method(_WAK,1,N) to ZWAK, pair with SSDT-PTSWAK.aml]: pattern 5F57414B, bin not found / already patched!
62:483  0:000  13. [change Method(_PTS,1,S) to ZPTS, pair with SSDT-PTSWAK.aml]: pattern 5F505453, bin not found / already patched!
62:483  0:000  14. [change Method(_PTS,1,N) to ZPTS, pair with SSDT-PTSWAK.aml]: pattern 5F505453, bin not found / already patched!
62:483  0:000    0 replacements
62:483  0:000  Patching SSDT UsbCTabl Length=2047
62:483  0:000  0. [change OSID to XSID (to avoid match against _OSI XOSI patch)]: pattern 4F534944, bin not found / already patched!
62:483  0:000  1. [change _OSI to XOSI]: pattern 5F4F5349, bin not found / already patched!
62:483  0:000  2. [change _DSM to XDSM]: pattern 5F44534D, patched at: [ (37E) ]
62:483  0:000  3. [change HDAS to HDEF]: pattern 48444153, bin not found / already patched!
62:483  0:000  4. [change HECI to IMEI]: pattern 48454349, bin not found / already patched!
62:483  0:000  5. [change GFX0 to IGPU]: pattern 47465830, bin not found / already patched!
62:483  0:000  6. [change SAT0 to SATA]: pattern 53415430, bin not found / already patched!
62:483  0:000  7. [change ECDV to EC]: pattern 45434456, patched at: [ (51) (12) (58F) ]
62:483  0:000  8. [change Method(GPRW,2,N) to XPRW, pair with SSDT-GPRW.aml]: pattern 47505257, bin not found / already patched!
62:483  0:000  9. [change _STA to XSTA in Device GPI0]: pattern 5F535441, patched at: [ (234) ]
62:483  0:000  10. [change _CRS to XCRS in Device TPD1]: pattern 5F435253, patched at: [ (213) ]
62:483  0:000  11. [change Method(_WAK,1,S) to ZWAK, pair with SSDT-PTSWAK.aml]: pattern 5F57414B, bin not found / already patched!
62:483  0:000  12. [change Method(_WAK,1,N) to ZWAK, pair with SSDT-PTSWAK.aml]: pattern 5F57414B, bin not found / already patched!
62:483  0:000  13. [change Method(_PTS,1,S) to ZPTS, pair with SSDT-PTSWAK.aml]: pattern 5F505453, bin not found / already patched!
62:483  0:000  14. [change Method(_PTS,1,N) to ZPTS, pair with SSDT-PTSWAK.aml]: pattern 5F505453, bin not found / already patched!
62:483  0:000    0 replacements
62:483  0:000  Patching SSDT DptfTabl Length=24627
62:483  0:000  0. [change OSID to XSID (to avoid match against _OSI XOSI patch)]: pattern 4F534944, bin not found / already patched!
62:483  0:000  1. [change _OSI to XOSI]: pattern 5F4F5349, bin not found / already patched!
62:483  0:000  2. [change _DSM to XDSM]: pattern 5F44534D, patched at: [ (8E6) ]
62:483  0:000  3. [change HDAS to HDEF]: pattern 48444153, bin not found / already patched!
62:483  0:000  4. [change HECI to IMEI]: pattern 48454349, bin not found / already patched!
62:483  0:000  5. [change GFX0 to IGPU]: pattern 47465830, bin not found / already patched!
62:483  0:000  6. [change SAT0 to SATA]: pattern 53415430, bin not found / already patched!
62:483  0:000  7. [change ECDV to EC]: pattern 45434456, patched at: [ (474) (12) (31D) (16) (16F) (32A) (1682) (3A) (15) (18) (3D) (25) (1D) (1D) (2E) (17) (16) (17) (20) (20) (17) (29) (16) (1D) (17) (1F) (16) (1D) (17) (1F) (16) (1D) (17) (1F) (1E) (1405) (1D) (C2D) (96) (1E) (4C) (2E) (17) (18) (26) (2E) (17) (18) (2E) (1E5) (A8) (1D) (4B) (2E) (16) (17) (26) (2E) (16) (17) (2E) (320) (AC) (1E) (4C) (2E) (17) (18) (26) (2E) (17) (18) (2E) (181) (D3) (21) (1E) (4C) (2E) (17) (18) (26) (2E) (17) (18) (2E) (1CF) (2D) (2D) (2D) (65) (40) (40) (40) ]
62:483  0:000  8. [change Method(GPRW,2,N) to XPRW, pair with SSDT-GPRW.aml]: pattern 47505257, bin not found / already patched!
62:483  0:000  9. [change _STA to XSTA in Device GPI0]: pattern 5F535441, patched at: [ (745) (1CB) (1DBA) (10C5) (FCB) (433) (568) (3F6) ]
62:483  0:000  10. [change _CRS to XCRS in Device TPD1]: pattern 5F435253, bin not found / already patched!
62:483  0:000  11. [change Method(_WAK,1,S) to ZWAK, pair with SSDT-PTSWAK.aml]: pattern 5F57414B, bin not found / already patched!
62:483  0:000  12. [change Method(_WAK,1,N) to ZWAK, pair with SSDT-PTSWAK.aml]: pattern 5F57414B, bin not found / already patched!
62:483  0:000  13. [change Method(_PTS,1,S) to ZPTS, pair with SSDT-PTSWAK.aml]: pattern 5F505453, bin not found / already patched!
62:484  0:000  14. [change Method(_PTS,1,N) to ZPTS, pair with SSDT-PTSWAK.aml]: pattern 5F505453, bin not found / already patched!
62:484  0:000    0 replacements
62:484  0:000  Patching SSDT ADebTabl Length=324
62:484  0:000  0. [change OSID to XSID (to avoid match against _OSI XOSI patch)]: pattern 4F534944, bin not found / already patched!
62:484  0:000  1. [change _OSI to XOSI]: pattern 5F4F5349, bin not found / already patched!
62:484  0:000  2. [change _DSM to XDSM]: pattern 5F44534D, bin not found / already patched!
62:484  0:000  3. [change HDAS to HDEF]: pattern 48444153, bin not found / already patched!
62:484  0:000  4. [change HECI to IMEI]: pattern 48454349, bin not found / already patched!
62:484  0:000  5. [change GFX0 to IGPU]: pattern 47465830, bin not found / already patched!
62:484  0:000  6. [change SAT0 to SATA]: pattern 53415430, bin not found / already patched!
62:484  0:000  7. [change ECDV to EC]: pattern 45434456, bin not found / already patched!
62:484  0:000  8. [change Method(GPRW,2,N) to XPRW, pair with SSDT-GPRW.aml]: pattern 47505257, bin not found / already patched!
62:484  0:000  9. [change _STA to XSTA in Device GPI0]: pattern 5F535441, bin not found / already patched!
62:484  0:000  10. [change _CRS to XCRS in Device TPD1]: pattern 5F435253, bin not found / already patched!
62:484  0:000  11. [change Method(_WAK,1,S) to ZWAK, pair with SSDT-PTSWAK.aml]: pattern 5F57414B, bin not found / already patched!
62:484  0:000  12. [change Method(_WAK,1,N) to ZWAK, pair with SSDT-PTSWAK.aml]: pattern 5F57414B, bin not found / already patched!
62:484  0:000  13. [change Method(_PTS,1,S) to ZPTS, pair with SSDT-PTSWAK.aml]: pattern 5F505453, bin not found / already patched!
62:484  0:000  14. [change Method(_PTS,1,N) to ZPTS, pair with SSDT-PTSWAK.aml]: pattern 5F505453, bin not found / already patched!
62:484  0:000    0 replacements
62:484  0:000  Found OperationRegion(ADHD, SystemMemory, 790DC000, ...)
62:484  0:000  Found OperationRegion(ABLK, SystemMemory, 790DC020, ...)
62:484  0:000  Patching SSDT SgPeg Length=174
62:484  0:000  0. [change OSID to XSID (to avoid match against _OSI XOSI patch)]: pattern 4F534944, bin not found / already patched!
62:484  0:000  1. [change _OSI to XOSI]: pattern 5F4F5349, bin not found / already patched!
62:484  0:000  2. [change _DSM to XDSM]: pattern 5F44534D, bin not found / already patched!
62:484  0:000  3. [change HDAS to HDEF]: pattern 48444153, bin not found / already patched!
62:484  0:000  4. [change HECI to IMEI]: pattern 48454349, bin not found / already patched!
62:484  0:000  5. [change GFX0 to IGPU]: pattern 47465830, bin not found / already patched!
62:484  0:000  6. [change SAT0 to SATA]: pattern 53415430, bin not found / already patched!
62:484  0:000  7. [change ECDV to EC]: pattern 45434456, bin not found / already patched!
62:484  0:000  8. [change Method(GPRW,2,N) to XPRW, pair with SSDT-GPRW.aml]: pattern 47505257, bin not found / already patched!
62:484  0:000  9. [change _STA to XSTA in Device GPI0]: pattern 5F535441, bin not found / already patched!
62:484  0:000  10. [change _CRS to XCRS in Device TPD1]: pattern 5F435253, bin not found / already patched!
62:484  0:000  11. [change Method(_WAK,1,S) to ZWAK, pair with SSDT-PTSWAK.aml]: pattern 5F57414B, bin not found / already patched!
62:484  0:000  12. [change Method(_WAK,1,N) to ZWAK, pair with SSDT-PTSWAK.aml]: pattern 5F57414B, bin not found / already patched!
62:484  0:000  13. [change Method(_PTS,1,S) to ZPTS, pair with SSDT-PTSWAK.aml]: pattern 5F505453, bin not found / already patched!
62:484  0:000  14. [change Method(_PTS,1,N) to ZPTS, pair with SSDT-PTSWAK.aml]: pattern 5F505453, bin not found / already patched!
62:484  0:000    0 replacements
62:484  0:000  Patching SSDT OptTabl Length=7863
62:484  0:000  0. [change OSID to XSID (to avoid match against _OSI XOSI patch)]: pattern 4F534944, bin not found / already patched!
62:484  0:000  1. [change _OSI to XOSI]: pattern 5F4F5349, patched at: [ (1644) ]
62:484  0:000  2. [change _DSM to XDSM]: pattern 5F44534D, patched at: [ (85) (766) (1640) (41) (11) ]
62:484  0:000  3. [change HDAS to HDEF]: pattern 48444153, bin not found / already patched!
62:484  0:000  4. [change HECI to IMEI]: pattern 48454349, bin not found / already patched!
62:484  0:000  5. [change GFX0 to IGPU]: pattern 47465830, patched at: [ (55) (28) (783) (91) (527) (10A8) (11) ]
62:484  0:000  6. [change SAT0 to SATA]: pattern 53415430, bin not found / already patched!
62:484  0:000  7. [change ECDV to EC]: pattern 45434456, patched at: [ (2E5) (1866) ]
62:484  0:000  8. [change Method(GPRW,2,N) to XPRW, pair with SSDT-GPRW.aml]: pattern 47505257, bin not found / already patched!
62:484  0:000  9. [change _STA to XSTA in Device GPI0]: pattern 5F535441, patched at: [ (3E7) (62) (66) (76) ]
62:484  0:000  10. [change _CRS to XCRS in Device TPD1]: pattern 5F435253, bin not found / already patched!
62:484  0:000  11. [change Method(_WAK,1,S) to ZWAK, pair with SSDT-PTSWAK.aml]: pattern 5F57414B, bin not found / already patched!
62:484  0:000  12. [change Method(_WAK,1,N) to ZWAK, pair with SSDT-PTSWAK.aml]: pattern 5F57414B, bin not found / already patched!
62:484  0:000  13. [change Method(_PTS,1,S) to ZPTS, pair with SSDT-PTSWAK.aml]: pattern 5F505453, bin not found / already patched!
62:484  0:000  14. [change Method(_PTS,1,N) to ZPTS, pair with SSDT-PTSWAK.aml]: pattern 5F505453, bin not found / already patched!
62:484  0:000    0 replacements
62:484  0:000  === [ ACPIPatchedAML ] ====================================
62:484  0:000  AutoMerge pass 2
62:484  0:000  Unsorted
62:484  0:000  Inserting SSDT-PTSWAK.aml from EFI\CLOVER\ACPI\patched: size=782 ... Success
62:484  0:000  Inserting SSDT-PS2K.aml from EFI\CLOVER\ACPI\patched: size=224 ... Success
62:485  0:000  Inserting SSDT-DGPU-OFF.aml from EFI\CLOVER\ACPI\patched: size=224 ... Success
62:485  0:000  Inserting SSDT-I2C.aml from EFI\CLOVER\ACPI\patched: size=196 ... Success
62:485  0:000  Inserting SSDT-GPRW.aml from EFI\CLOVER\ACPI\patched: size=134 ... Success
62:486  0:000  Inserting SSDT-PNLFCFL.aml from EFI\CLOVER\ACPI\patched: size=104 ... Success
62:486  0:000  Inserting SSDT-XHC.aml from EFI\CLOVER\ACPI\patched: size=350 ... Success
62:486  0:000  Inserting SSDT-SMBUS.aml from EFI\CLOVER\ACPI\patched: size=138 ... Success
62:486  0:000  Inserting SSDT-XOSI.aml from EFI\CLOVER\ACPI\patched: size=206 ... Success
62:486  0:000  CPUBase=0 and ApicCPUBase=1 ApicCPUNum=1
62:486  0:000  Maximum control=0x1A
62:486  0:000  Turbo control=0x2B
62:486  0:000  P-States: min 0x8, max 0x2B
62:486  0:000  SSDT with plugin-type without P-States is generated
62:486  0:000  Cleanup XSDT: count=42, length=372
62:486  0:000  corrected XSDT count=41, length=364
62:486  0:000  === [ RestSetup macOS ] ===================================
62:486  0:000  EdidDiscovered size=128
62:486  0:000  --- Discovered EDID Table size:128
62:486  0:000  000  |  00  FF  FF  FF  FF  FF  FF  00  06  AF
62:486  0:000  010  |  ED  30  00  00  00  00  00  1A  01  04
62:486  0:000  020  |  95  22  13  78  02  B0  E5  94  58  5A
62:486  0:000  030  |  92  28  21  50  54  00  00  00  01  01
62:486  0:000  040  |  01  01  01  01  01  01  01  01  01  01
62:486  0:000  050  |  01  01  01  01  78  37  80  B4  70  38
62:486  0:000  060  |  2E  40  6C  30  AA  00  58  C1  10  00
62:486  0:000  070  |  00  1A  60  2C  80  B4  70  38  2E  40
62:486  0:000  080  |  6C  30  AA  00  58  C1  10  00  00  1A
62:486  0:000  090  |  00  00  00  FE  00  58  57  4E  31  52
62:486  0:000  100  |  81  42  31  35  36  48  41  4B  00  00
62:486  0:000  110  |  00  00  00  00  41  02  96  01  10  00
62:486  0:000  120  |  00  0A  01  0A  20  20  00  96
62:486  0:000  add device: PciRoot(0x0)/Pci(0x1F,0x3)
62:486  0:000     Add key=layout-id valuelen=4
62:486  0:000     Add key=hda-gfx valuelen=10
62:486  0:000  add device: PciRoot(0x0)/Pci(0x2,0x0)
62:486  0:000     Add key=hda-gfx valuelen=10
62:486  0:000     Add key=framebuffer-stolenmem valuelen=4
62:486  0:000     Add key=framebuffer-patch-enable valuelen=4
62:486  0:000     Add key=framebuffer-fbmem valuelen=4
62:486  0:000     Add key=framebuffer-con1-type valuelen=4
62:486  0:000     Add key=framebuffer-con1-preferred-lspcon-mode valuelen=4
62:486  0:000     Add key=framebuffer-con1-has-lspcon valuelen=4
62:486  0:000     Add key=framebuffer-con1-enable valuelen=4
62:486  0:000     Add key=enable-lspcon-support valuelen=4
62:486  0:000     Add key=AAPL,ig-platform-id valuelen=4
62:486  0:000  Intel GFX injection not set
62:486  0:000   RCBA disabled; cannot use it
62:486  0:000  stringlength = 2130
62:487  0:000  CurrentMode: Width=1920 Height=1080
62:487  0:000  Beginning FSInjection
FSInjectionInstall ...
- Our FSI_SIMPLE_FILE_SYSTEM_PROTOCOL installed on handle: 706AC898
FSInjectionInstall ...
- Our FSI_SIMPLE_FILE_SYSTEM_PROTOCOL installed on handle: 706AC898
62:492  0:005  Remap smbios table type 1 guid.
62:495  0:003    Force kext: System\Library\Extensions\IONetworkingFamily.kext
62:499  0:004      Force PlugIn kext: System\Library\Extensions\IONetworkingFamily.kext\Contents\PlugIns\nvenet.kext
62:511  0:011      Force PlugIn kext: System\Library\Extensions\IONetworkingFamily.kext\Contents\PlugIns\AppleEthernetAquantiaAqtion.kext
62:513  0:002      Force PlugIn kext: System\Library\Extensions\IONetworkingFamily.kext\Contents\PlugIns\AppleBCM5701Ethernet.kext
62:515  0:002      Force PlugIn kext: System\Library\Extensions\IONetworkingFamily.kext\Contents\PlugIns\AppleIntelI210Ethernet.kext
62:517  0:001      Force PlugIn kext: System\Library\Extensions\IONetworkingFamily.kext\Contents\PlugIns\Intel82574L.kext
62:519  0:001      Force PlugIn kext: System\Library\Extensions\IONetworkingFamily.kext\Contents\PlugIns\IOEthernetAVBController.kext
62:520  0:001      Force PlugIn kext: System\Library\Extensions\IONetworkingFamily.kext\Contents\PlugIns\AppleYukon2.kext
62:525  0:004      Force PlugIn kext: System\Library\Extensions\IONetworkingFamily.kext\Contents\PlugIns\AppleEthernetAquantiaAqtionFirmware.kext
62:527  0:002      Force PlugIn kext: System\Library\Extensions\IONetworkingFamily.kext\Contents\PlugIns\AppleIntel8254XEthernet.kext
62:529  0:001      Force PlugIn kext: System\Library\Extensions\IONetworkingFamily.kext\Contents\PlugIns\AppleVmxnet3Ethernet.kext
62:530  0:001      Force PlugIn kext: System\Library\Extensions\IONetworkingFamily.kext\Contents\PlugIns\mDNSOffloadUserClient.kext
62:532  0:001  Preparing kexts injection for arch=x86_64 from EFI\CLOVER\kexts\Other
62:532  0:000  Extra kext: EFI\CLOVER\kexts\Other\FakePCIID_Intel_HDMI_Audio.kext (v.1.3.15)
62:533  0:001  Extra kext: EFI\CLOVER\kexts\Other\VoodooPS2Controller.kext (v.1.9.2)
62:535  0:002    |-- PlugIn kext: EFI\CLOVER\kexts\Other\VoodooPS2Controller.kext\Contents\PlugIns\VoodooPS2Mouse.kext (v.1.9.2)
62:537  0:001    |-- PlugIn kext: EFI\CLOVER\kexts\Other\VoodooPS2Controller.kext\Contents\PlugIns\VoodooPS2Keyboard.kext (v.1.9.2)
62:539  0:002    |-- PlugIn kext: EFI\CLOVER\kexts\Other\VoodooPS2Controller.kext\Contents\PlugIns\VoodooPS2Trackpad.kext (v.1.9.2)
62:542  0:002  Extra kext: EFI\CLOVER\kexts\Other\CPUFriend.kext (v.1.1.8)
62:544  0:002  Extra kext: EFI\CLOVER\kexts\Other\CPUFriendDataProvider.kext (v.1.0.0)
62:546  0:001  Extra kext: EFI\CLOVER\kexts\Other\VoodooI2CHID.kext (v.1)
62:549  0:003  Extra kext: EFI\CLOVER\kexts\Other\FakePCIID.kext (v.1.3.15)
62:550  0:001  Extra kext: EFI\CLOVER\kexts\Other\USBInjectAll.kext (v.0.7.1)
62:601  0:050  Extra kext: EFI\CLOVER\kexts\Other\VirtualSMC.kext (v.1.0.5)
62:605  0:004  Extra kext: EFI\CLOVER\kexts\Other\VoodooI2C.kext (v.2.2)
62:610  0:004    |-- PlugIn kext: EFI\CLOVER\kexts\Other\VoodooI2C.kext\Contents\PlugIns\VoodooI2CServices.kext (v.1)
62:611  0:001    |-- PlugIn kext: EFI\CLOVER\kexts\Other\VoodooI2C.kext\Contents\PlugIns\VoodooGPIO.kext (v.1.1)
62:613  0:001  Extra kext: EFI\CLOVER\kexts\Other\NoTouchID.kext (v.1.0.1)
62:615  0:001  Extra kext: EFI\CLOVER\kexts\Other\XHCI-unsupported.kext (v.0.9.2)
62:617  0:001  Extra kext: EFI\CLOVER\kexts\Other\SMCBatteryManager.kext (v.1)
62:619  0:002  Extra kext: EFI\CLOVER\kexts\Other\WhateverGreen.kext (v.1.3.0)
62:626  0:007  Extra kext: EFI\CLOVER\kexts\Other\IntelMausiEthernet.kext (v.2.4.0d0)
62:628  0:002  Extra kext: EFI\CLOVER\kexts\Other\VerbStub.kext (v.1.0.3)
62:631  0:002  Extra kext: EFI\CLOVER\kexts\Other\AppleALC.kext (v.1.3.9)
62:719  0:088  Extra kext: EFI\CLOVER\kexts\Other\Lilu.kext (v.1.3.7)
62:724  0:005  Custom boot screen not used because entry has unset use graphics
62:726  0:001  Closing log
